{"C:\\Users\\tsoka\\Desktop\\library_app\\app.js": {"path":"C:\\Users\\tsoka\\Desktop\\library_app\\app.js","statementMap":{"0":{"start":{"line":1,"column":16},"end":{"line":1,"column":34}},"1":{"start":{"line":2,"column":12},"end":{"line":2,"column":21}},"2":{"start":{"line":3,"column":13},"end":{"line":3,"column":28}},"3":{"start":{"line":5,"column":0},"end":{"line":5,"column":24}},"4":{"start":{"line":6,"column":0},"end":{"line":6,"column":46}},"5":{"start":{"line":8,"column":18},"end":{"line":8,"column":47}},"6":{"start":{"line":9,"column":24},"end":{"line":9,"column":44}},"7":{"start":{"line":11,"column":13},"end":{"line":11,"column":44}},"8":{"start":{"line":12,"column":13},"end":{"line":12,"column":44}},"9":{"start":{"line":13,"column":15},"end":{"line":13,"column":49}},"10":{"start":{"line":14,"column":13},"end":{"line":14,"column":44}},"11":{"start":{"line":16,"column":0},"end":{"line":19,"column":3}},"12":{"start":{"line":21,"column":0},"end":{"line":21,"column":27}},"13":{"start":{"line":22,"column":0},"end":{"line":22,"column":28}},"14":{"start":{"line":23,"column":0},"end":{"line":23,"column":28}},"15":{"start":{"line":24,"column":0},"end":{"line":24,"column":32}},"16":{"start":{"line":26,"column":0},"end":{"line":26,"column":37}},"17":{"start":{"line":28,"column":0},"end":{"line":32,"column":2}},"18":{"start":{"line":34,"column":0},"end":{"line":34,"column":20}}},"fnMap":{},"branchMap":{},"s":{"0":4,"1":4,"2":4,"3":4,"4":4,"5":4,"6":4,"7":4,"8":4,"9":4,"10":4,"11":4,"12":4,"13":4,"14":4,"15":4,"16":4,"17":4,"18":4},"f":{},"b":{},"_coverageSchema":"1a1c01bbd47fc00a2c39e90264f33305004495a9","hash":"23b0e1f92f54caa61df7a319c32973e1338d5f56"}
,"C:\\Users\\tsoka\\Desktop\\library_app\\logger.js": {"path":"C:\\Users\\tsoka\\Desktop\\library_app\\logger.js","statementMap":{"0":{"start":{"line":37,"column":0},"end":{"line":37,"column":37}},"1":{"start":{"line":38,"column":0},"end":{"line":38,"column":26}},"2":{"start":{"line":39,"column":45},"end":{"line":39,"column":63}},"3":{"start":{"line":40,"column":59},"end":{"line":40,"column":65}},"4":{"start":{"line":41,"column":18},"end":{"line":41,"column":36}},"5":{"start":{"line":43,"column":28},"end":{"line":48,"column":2}},"6":{"start":{"line":50,"column":15},"end":{"line":87,"column":2}},"7":{"start":{"line":89,"column":0},"end":{"line":89,"column":24}}},"fnMap":{},"branchMap":{},"s":{"0":4,"1":4,"2":4,"3":4,"4":4,"5":4,"6":4,"7":4},"f":{},"b":{},"_coverageSchema":"1a1c01bbd47fc00a2c39e90264f33305004495a9","hash":"bd082bf53521c086cd3b6bd5fff4b103906e0e08"}
,"C:\\Users\\tsoka\\Desktop\\library_app\\swagger.js": {"path":"C:\\Users\\tsoka\\Desktop\\library_app\\swagger.js","statementMap":{"0":{"start":{"line":1,"column":12},"end":{"line":1,"column":42}},"1":{"start":{"line":2,"column":13},"end":{"line":2,"column":43}},"2":{"start":{"line":4,"column":0},"end":{"line":257,"column":1}}},"fnMap":{},"branchMap":{},"s":{"0":4,"1":4,"2":4},"f":{},"b":{},"_coverageSchema":"1a1c01bbd47fc00a2c39e90264f33305004495a9","hash":"d3e76ac74ae768fb86f3bf53c367311387e57239"}
,"C:\\Users\\tsoka\\Desktop\\library_app\\controllers\\auth.controller.js": {"path":"C:\\Users\\tsoka\\Desktop\\library_app\\controllers\\auth.controller.js","statementMap":{"0":{"start":{"line":1,"column":15},"end":{"line":1,"column":32}},"1":{"start":{"line":2,"column":13},"end":{"line":2,"column":44}},"2":{"start":{"line":3,"column":20},"end":{"line":3,"column":55}},"3":{"start":{"line":5,"column":0},"end":{"line":27,"column":1}},"4":{"start":{"line":6,"column":2},"end":{"line":6,"column":38}},"5":{"start":{"line":8,"column":19},"end":{"line":8,"column":36}},"6":{"start":{"line":9,"column":19},"end":{"line":9,"column":36}},"7":{"start":{"line":11,"column":2},"end":{"line":26,"column":3}},"8":{"start":{"line":12,"column":19},"end":{"line":12,"column":102}},"9":{"start":{"line":13,"column":4},"end":{"line":13,"column":32}},"10":{"start":{"line":14,"column":20},"end":{"line":14,"column":67}},"11":{"start":{"line":17,"column":4},"end":{"line":22,"column":5}},"12":{"start":{"line":18,"column":20},"end":{"line":18,"column":59}},"13":{"start":{"line":19,"column":6},"end":{"line":19,"column":56}},"14":{"start":{"line":21,"column":6},"end":{"line":21,"column":72}},"15":{"start":{"line":24,"column":4},"end":{"line":24,"column":43}},"16":{"start":{"line":25,"column":4},"end":{"line":25,"column":52}},"17":{"start":{"line":29,"column":0},"end":{"line":45,"column":1}},"18":{"start":{"line":30,"column":15},"end":{"line":30,"column":29}},"19":{"start":{"line":32,"column":2},"end":{"line":44,"column":3}},"20":{"start":{"line":33,"column":4},"end":{"line":33,"column":81}},"21":{"start":{"line":35,"column":15},"end":{"line":35,"column":49}},"22":{"start":{"line":36,"column":4},"end":{"line":43,"column":5}},"23":{"start":{"line":37,"column":6},"end":{"line":37,"column":31}},"24":{"start":{"line":39,"column":34},"end":{"line":39,"column":77}},"25":{"start":{"line":40,"column":6},"end":{"line":40,"column":46}},"26":{"start":{"line":42,"column":6},"end":{"line":42,"column":76}}},"fnMap":{"0":{"name":"(anonymous_0)","decl":{"start":{"line":5,"column":16},"end":{"line":5,"column":17}},"loc":{"start":{"line":5,"column":34},"end":{"line":27,"column":1}},"line":5},"1":{"name":"(anonymous_1)","decl":{"start":{"line":29,"column":22},"end":{"line":29,"column":23}},"loc":{"start":{"line":29,"column":41},"end":{"line":45,"column":1}},"line":29}},"branchMap":{"0":{"loc":{"start":{"line":17,"column":4},"end":{"line":22,"column":5}},"type":"if","locations":[{"start":{"line":17,"column":4},"end":{"line":22,"column":5}},{"start":{"line":20,"column":11},"end":{"line":22,"column":5}}],"line":17},"1":{"loc":{"start":{"line":17,"column":8},"end":{"line":17,"column":57}},"type":"binary-expr","locations":[{"start":{"line":17,"column":8},"end":{"line":17,"column":14}},{"start":{"line":17,"column":18},"end":{"line":17,"column":46}},{"start":{"line":17,"column":50},"end":{"line":17,"column":57}}],"line":17},"2":{"loc":{"start":{"line":32,"column":2},"end":{"line":44,"column":3}},"type":"if","locations":[{"start":{"line":32,"column":2},"end":{"line":44,"column":3}},{"start":{"line":34,"column":9},"end":{"line":44,"column":3}}],"line":32},"3":{"loc":{"start":{"line":36,"column":4},"end":{"line":43,"column":5}},"type":"if","locations":[{"start":{"line":36,"column":4},"end":{"line":43,"column":5}},{"start":{"line":41,"column":11},"end":{"line":43,"column":5}}],"line":36}},"s":{"0":4,"1":4,"2":4,"3":4,"4":1,"5":1,"6":1,"7":1,"8":1,"9":1,"10":1,"11":1,"12":1,"13":1,"14":0,"15":0,"16":0,"17":4,"18":0,"19":0,"20":0,"21":0,"22":0,"23":0,"24":0,"25":0,"26":0},"f":{"0":1,"1":0},"b":{"0":[1,0],"1":[1,1,1],"2":[0,0],"3":[0,0]},"_coverageSchema":"1a1c01bbd47fc00a2c39e90264f33305004495a9","hash":"b0304eb5c477acf06034ff3d1efc9c79cba239eb"}
,"C:\\Users\\tsoka\\Desktop\\library_app\\controllers\\book.controller.js": {"path":"C:\\Users\\tsoka\\Desktop\\library_app\\controllers\\book.controller.js","statementMap":{"0":{"start":{"line":1,"column":13},"end":{"line":1,"column":44}},"1":{"start":{"line":2,"column":20},"end":{"line":2,"column":55}},"2":{"start":{"line":3,"column":15},"end":{"line":3,"column":32}},"3":{"start":{"line":5,"column":15},"end":{"line":5,"column":35}},"4":{"start":{"line":7,"column":0},"end":{"line":22,"column":1}},"5":{"start":{"line":8,"column":2},"end":{"line":8,"column":54}},"6":{"start":{"line":10,"column":2},"end":{"line":21,"column":3}},"7":{"start":{"line":12,"column":19},"end":{"line":12,"column":46}},"8":{"start":{"line":13,"column":4},"end":{"line":13,"column":55}},"9":{"start":{"line":14,"column":4},"end":{"line":14,"column":48}},"10":{"start":{"line":15,"column":4},"end":{"line":15,"column":48}},"11":{"start":{"line":16,"column":4},"end":{"line":16,"column":39}},"12":{"start":{"line":18,"column":4},"end":{"line":18,"column":49}},"13":{"start":{"line":19,"column":4},"end":{"line":19,"column":54}},"14":{"start":{"line":20,"column":4},"end":{"line":20,"column":52}},"15":{"start":{"line":24,"column":0},"end":{"line":40,"column":1}},"16":{"start":{"line":25,"column":2},"end":{"line":25,"column":47}},"17":{"start":{"line":26,"column":14},"end":{"line":26,"column":30}},"18":{"start":{"line":28,"column":2},"end":{"line":39,"column":3}},"19":{"start":{"line":30,"column":19},"end":{"line":30,"column":51}},"20":{"start":{"line":31,"column":4},"end":{"line":35,"column":5}},"21":{"start":{"line":32,"column":6},"end":{"line":32,"column":56}},"22":{"start":{"line":34,"column":6},"end":{"line":34,"column":67}},"23":{"start":{"line":37,"column":4},"end":{"line":37,"column":46}},"24":{"start":{"line":38,"column":4},"end":{"line":38,"column":53}},"25":{"start":{"line":42,"column":0},"end":{"line":63,"column":1}},"26":{"start":{"line":43,"column":2},"end":{"line":43,"column":29}},"27":{"start":{"line":44,"column":13},"end":{"line":44,"column":21}},"28":{"start":{"line":47,"column":18},"end":{"line":54,"column":4}},"29":{"start":{"line":56,"column":2},"end":{"line":62,"column":3}},"30":{"start":{"line":57,"column":19},"end":{"line":57,"column":39}},"31":{"start":{"line":58,"column":4},"end":{"line":58,"column":55}},"32":{"start":{"line":60,"column":4},"end":{"line":60,"column":49}},"33":{"start":{"line":61,"column":4},"end":{"line":61,"column":53}},"34":{"start":{"line":65,"column":0},"end":{"line":86,"column":1}},"35":{"start":{"line":66,"column":16},"end":{"line":66,"column":30}},"36":{"start":{"line":68,"column":2},"end":{"line":68,"column":47}},"37":{"start":{"line":70,"column":21},"end":{"line":77,"column":3}},"38":{"start":{"line":79,"column":2},"end":{"line":85,"column":3}},"39":{"start":{"line":80,"column":19},"end":{"line":80,"column":86}},"40":{"start":{"line":81,"column":4},"end":{"line":81,"column":53}},"41":{"start":{"line":83,"column":4},"end":{"line":83,"column":49}},"42":{"start":{"line":84,"column":4},"end":{"line":84,"column":52}},"43":{"start":{"line":88,"column":0},"end":{"line":100,"column":1}},"44":{"start":{"line":89,"column":4},"end":{"line":89,"column":34}},"45":{"start":{"line":90,"column":18},"end":{"line":90,"column":33}},"46":{"start":{"line":91,"column":4},"end":{"line":91,"column":49}},"47":{"start":{"line":93,"column":4},"end":{"line":99,"column":5}},"48":{"start":{"line":94,"column":21},"end":{"line":94,"column":63}},"49":{"start":{"line":95,"column":6},"end":{"line":95,"column":56}},"50":{"start":{"line":97,"column":6},"end":{"line":97,"column":51}},"51":{"start":{"line":98,"column":6},"end":{"line":98,"column":55}},"52":{"start":{"line":103,"column":0},"end":{"line":114,"column":1}},"53":{"start":{"line":104,"column":15},"end":{"line":104,"column":30}},"54":{"start":{"line":105,"column":2},"end":{"line":105,"column":43}},"55":{"start":{"line":107,"column":2},"end":{"line":113,"column":3}},"56":{"start":{"line":108,"column":19},"end":{"line":108,"column":59}},"57":{"start":{"line":109,"column":4},"end":{"line":109,"column":54}},"58":{"start":{"line":111,"column":4},"end":{"line":111,"column":49}},"59":{"start":{"line":112,"column":4},"end":{"line":112,"column":53}}},"fnMap":{"0":{"name":"(anonymous_0)","decl":{"start":{"line":7,"column":18},"end":{"line":7,"column":19}},"loc":{"start":{"line":7,"column":37},"end":{"line":22,"column":1}},"line":7},"1":{"name":"(anonymous_1)","decl":{"start":{"line":24,"column":18},"end":{"line":24,"column":19}},"loc":{"start":{"line":24,"column":37},"end":{"line":40,"column":1}},"line":24},"2":{"name":"(anonymous_2)","decl":{"start":{"line":42,"column":17},"end":{"line":42,"column":18}},"loc":{"start":{"line":42,"column":36},"end":{"line":63,"column":1}},"line":42},"3":{"name":"(anonymous_3)","decl":{"start":{"line":65,"column":17},"end":{"line":65,"column":18}},"loc":{"start":{"line":65,"column":36},"end":{"line":86,"column":1}},"line":65},"4":{"name":"(anonymous_4)","decl":{"start":{"line":88,"column":24},"end":{"line":88,"column":25}},"loc":{"start":{"line":88,"column":43},"end":{"line":100,"column":1}},"line":88},"5":{"name":"(anonymous_5)","decl":{"start":{"line":103,"column":23},"end":{"line":103,"column":24}},"loc":{"start":{"line":103,"column":42},"end":{"line":114,"column":1}},"line":103}},"branchMap":{"0":{"loc":{"start":{"line":31,"column":4},"end":{"line":35,"column":5}},"type":"if","locations":[{"start":{"line":31,"column":4},"end":{"line":35,"column":5}},{"start":{"line":33,"column":11},"end":{"line":35,"column":5}}],"line":31}},"s":{"0":4,"1":4,"2":4,"3":4,"4":4,"5":3,"6":3,"7":3,"8":3,"9":3,"10":3,"11":3,"12":0,"13":0,"14":0,"15":4,"16":0,"17":0,"18":0,"19":0,"20":0,"21":0,"22":0,"23":0,"24":0,"25":4,"26":0,"27":0,"28":0,"29":0,"30":0,"31":0,"32":0,"33":0,"34":4,"35":0,"36":0,"37":0,"38":0,"39":0,"40":0,"41":0,"42":0,"43":4,"44":0,"45":0,"46":0,"47":0,"48":0,"49":0,"50":0,"51":0,"52":4,"53":0,"54":0,"55":0,"56":0,"57":0,"58":0,"59":0},"f":{"0":3,"1":0,"2":0,"3":0,"4":0,"5":0},"b":{"0":[0,0]},"_coverageSchema":"1a1c01bbd47fc00a2c39e90264f33305004495a9","hash":"668c0b0161d5953bb57dfff15d53977415244363"}
,"C:\\Users\\tsoka\\Desktop\\library_app\\controllers\\rental.controller.js": {"path":"C:\\Users\\tsoka\\Desktop\\library_app\\controllers\\rental.controller.js","statementMap":{"0":{"start":{"line":1,"column":15},"end":{"line":1,"column":48}},"1":{"start":{"line":2,"column":22},"end":{"line":2,"column":59}},"2":{"start":{"line":3,"column":15},"end":{"line":3,"column":32}},"3":{"start":{"line":5,"column":15},"end":{"line":5,"column":35}},"4":{"start":{"line":7,"column":0},"end":{"line":22,"column":1}},"5":{"start":{"line":8,"column":2},"end":{"line":8,"column":58}},"6":{"start":{"line":10,"column":2},"end":{"line":21,"column":3}},"7":{"start":{"line":12,"column":19},"end":{"line":12,"column":48}},"8":{"start":{"line":13,"column":4},"end":{"line":13,"column":55}},"9":{"start":{"line":14,"column":4},"end":{"line":14,"column":50}},"10":{"start":{"line":15,"column":4},"end":{"line":15,"column":50}},"11":{"start":{"line":16,"column":4},"end":{"line":16,"column":39}},"12":{"start":{"line":18,"column":4},"end":{"line":18,"column":51}},"13":{"start":{"line":19,"column":4},"end":{"line":19,"column":56}},"14":{"start":{"line":20,"column":4},"end":{"line":20,"column":52}},"15":{"start":{"line":24,"column":0},"end":{"line":40,"column":1}},"16":{"start":{"line":25,"column":2},"end":{"line":25,"column":49}},"17":{"start":{"line":26,"column":14},"end":{"line":26,"column":30}},"18":{"start":{"line":28,"column":2},"end":{"line":39,"column":3}},"19":{"start":{"line":30,"column":19},"end":{"line":30,"column":53}},"20":{"start":{"line":31,"column":4},"end":{"line":35,"column":5}},"21":{"start":{"line":32,"column":6},"end":{"line":32,"column":56}},"22":{"start":{"line":34,"column":6},"end":{"line":34,"column":67}},"23":{"start":{"line":37,"column":4},"end":{"line":37,"column":48}},"24":{"start":{"line":38,"column":4},"end":{"line":38,"column":53}},"25":{"start":{"line":42,"column":0},"end":{"line":61,"column":1}},"26":{"start":{"line":43,"column":2},"end":{"line":43,"column":31}},"27":{"start":{"line":44,"column":13},"end":{"line":44,"column":21}},"28":{"start":{"line":47,"column":19},"end":{"line":52,"column":4}},"29":{"start":{"line":54,"column":2},"end":{"line":60,"column":3}},"30":{"start":{"line":55,"column":19},"end":{"line":55,"column":39}},"31":{"start":{"line":56,"column":4},"end":{"line":56,"column":55}},"32":{"start":{"line":58,"column":4},"end":{"line":58,"column":49}},"33":{"start":{"line":59,"column":4},"end":{"line":59,"column":53}},"34":{"start":{"line":63,"column":0},"end":{"line":82,"column":1}},"35":{"start":{"line":64,"column":16},"end":{"line":64,"column":30}},"36":{"start":{"line":66,"column":2},"end":{"line":66,"column":49}},"37":{"start":{"line":68,"column":23},"end":{"line":73,"column":3}},"38":{"start":{"line":75,"column":2},"end":{"line":81,"column":3}},"39":{"start":{"line":76,"column":19},"end":{"line":76,"column":90}},"40":{"start":{"line":77,"column":4},"end":{"line":77,"column":53}},"41":{"start":{"line":79,"column":4},"end":{"line":79,"column":51}},"42":{"start":{"line":80,"column":4},"end":{"line":80,"column":52}},"43":{"start":{"line":84,"column":0},"end":{"line":96,"column":1}},"44":{"start":{"line":85,"column":4},"end":{"line":85,"column":34}},"45":{"start":{"line":86,"column":18},"end":{"line":86,"column":33}},"46":{"start":{"line":87,"column":4},"end":{"line":87,"column":51}},"47":{"start":{"line":89,"column":4},"end":{"line":95,"column":5}},"48":{"start":{"line":90,"column":21},"end":{"line":90,"column":63}},"49":{"start":{"line":91,"column":6},"end":{"line":91,"column":56}},"50":{"start":{"line":93,"column":6},"end":{"line":93,"column":51}},"51":{"start":{"line":94,"column":6},"end":{"line":94,"column":55}},"52":{"start":{"line":98,"column":0},"end":{"line":110,"column":1}},"53":{"start":{"line":99,"column":13},"end":{"line":99,"column":26}},"54":{"start":{"line":101,"column":2},"end":{"line":101,"column":43}},"55":{"start":{"line":103,"column":2},"end":{"line":109,"column":3}},"56":{"start":{"line":104,"column":19},"end":{"line":104,"column":59}},"57":{"start":{"line":105,"column":4},"end":{"line":105,"column":54}},"58":{"start":{"line":107,"column":4},"end":{"line":107,"column":51}},"59":{"start":{"line":108,"column":4},"end":{"line":108,"column":53}}},"fnMap":{"0":{"name":"(anonymous_0)","decl":{"start":{"line":7,"column":18},"end":{"line":7,"column":19}},"loc":{"start":{"line":7,"column":37},"end":{"line":22,"column":1}},"line":7},"1":{"name":"(anonymous_1)","decl":{"start":{"line":24,"column":18},"end":{"line":24,"column":19}},"loc":{"start":{"line":24,"column":37},"end":{"line":40,"column":1}},"line":24},"2":{"name":"(anonymous_2)","decl":{"start":{"line":42,"column":17},"end":{"line":42,"column":18}},"loc":{"start":{"line":42,"column":36},"end":{"line":61,"column":1}},"line":42},"3":{"name":"(anonymous_3)","decl":{"start":{"line":63,"column":17},"end":{"line":63,"column":18}},"loc":{"start":{"line":63,"column":36},"end":{"line":82,"column":1}},"line":63},"4":{"name":"(anonymous_4)","decl":{"start":{"line":84,"column":24},"end":{"line":84,"column":25}},"loc":{"start":{"line":84,"column":43},"end":{"line":96,"column":1}},"line":84},"5":{"name":"(anonymous_5)","decl":{"start":{"line":98,"column":17},"end":{"line":98,"column":18}},"loc":{"start":{"line":98,"column":36},"end":{"line":110,"column":1}},"line":98}},"branchMap":{"0":{"loc":{"start":{"line":31,"column":4},"end":{"line":35,"column":5}},"type":"if","locations":[{"start":{"line":31,"column":4},"end":{"line":35,"column":5}},{"start":{"line":33,"column":11},"end":{"line":35,"column":5}}],"line":31}},"s":{"0":4,"1":4,"2":4,"3":4,"4":4,"5":3,"6":3,"7":3,"8":3,"9":3,"10":3,"11":3,"12":0,"13":0,"14":0,"15":4,"16":0,"17":0,"18":0,"19":0,"20":0,"21":0,"22":0,"23":0,"24":0,"25":4,"26":0,"27":0,"28":0,"29":0,"30":0,"31":0,"32":0,"33":0,"34":4,"35":0,"36":0,"37":0,"38":0,"39":0,"40":0,"41":0,"42":0,"43":4,"44":0,"45":0,"46":0,"47":0,"48":0,"49":0,"50":0,"51":0,"52":4,"53":0,"54":0,"55":0,"56":0,"57":0,"58":0,"59":0},"f":{"0":3,"1":0,"2":0,"3":0,"4":0,"5":0},"b":{"0":[0,0]},"_coverageSchema":"1a1c01bbd47fc00a2c39e90264f33305004495a9","hash":"685b241c36b36cecf0489d2b1c178c2d706ec4c6"}
,"C:\\Users\\tsoka\\Desktop\\library_app\\controllers\\user.controller.js": {"path":"C:\\Users\\tsoka\\Desktop\\library_app\\controllers\\user.controller.js","statementMap":{"0":{"start":{"line":1,"column":13},"end":{"line":1,"column":44}},"1":{"start":{"line":2,"column":20},"end":{"line":2,"column":56}},"2":{"start":{"line":3,"column":15},"end":{"line":3,"column":32}},"3":{"start":{"line":5,"column":15},"end":{"line":5,"column":35}},"4":{"start":{"line":7,"column":0},"end":{"line":22,"column":1}},"5":{"start":{"line":8,"column":2},"end":{"line":8,"column":54}},"6":{"start":{"line":10,"column":2},"end":{"line":21,"column":3}},"7":{"start":{"line":12,"column":19},"end":{"line":12,"column":46}},"8":{"start":{"line":13,"column":4},"end":{"line":13,"column":55}},"9":{"start":{"line":14,"column":4},"end":{"line":14,"column":48}},"10":{"start":{"line":15,"column":4},"end":{"line":15,"column":48}},"11":{"start":{"line":16,"column":4},"end":{"line":16,"column":39}},"12":{"start":{"line":18,"column":4},"end":{"line":18,"column":49}},"13":{"start":{"line":19,"column":4},"end":{"line":19,"column":54}},"14":{"start":{"line":20,"column":4},"end":{"line":20,"column":52}},"15":{"start":{"line":24,"column":0},"end":{"line":40,"column":1}},"16":{"start":{"line":25,"column":2},"end":{"line":25,"column":50}},"17":{"start":{"line":26,"column":17},"end":{"line":26,"column":36}},"18":{"start":{"line":28,"column":2},"end":{"line":39,"column":3}},"19":{"start":{"line":30,"column":19},"end":{"line":30,"column":54}},"20":{"start":{"line":31,"column":4},"end":{"line":35,"column":5}},"21":{"start":{"line":32,"column":6},"end":{"line":32,"column":56}},"22":{"start":{"line":34,"column":6},"end":{"line":34,"column":67}},"23":{"start":{"line":37,"column":4},"end":{"line":37,"column":46}},"24":{"start":{"line":38,"column":4},"end":{"line":38,"column":53}},"25":{"start":{"line":42,"column":0},"end":{"line":70,"column":1}},"26":{"start":{"line":43,"column":2},"end":{"line":43,"column":29}},"27":{"start":{"line":44,"column":13},"end":{"line":44,"column":21}},"28":{"start":{"line":45,"column":23},"end":{"line":45,"column":25}},"29":{"start":{"line":47,"column":23},"end":{"line":47,"column":25}},"30":{"start":{"line":48,"column":2},"end":{"line":49,"column":67}},"31":{"start":{"line":49,"column":4},"end":{"line":49,"column":67}},"32":{"start":{"line":51,"column":18},"end":{"line":61,"column":4}},"33":{"start":{"line":63,"column":2},"end":{"line":69,"column":3}},"34":{"start":{"line":64,"column":19},"end":{"line":64,"column":39}},"35":{"start":{"line":65,"column":4},"end":{"line":65,"column":55}},"36":{"start":{"line":67,"column":4},"end":{"line":67,"column":49}},"37":{"start":{"line":68,"column":4},"end":{"line":68,"column":53}},"38":{"start":{"line":72,"column":0},"end":{"line":94,"column":1}},"39":{"start":{"line":73,"column":19},"end":{"line":73,"column":36}},"40":{"start":{"line":75,"column":2},"end":{"line":75,"column":53}},"41":{"start":{"line":77,"column":21},"end":{"line":85,"column":3}},"42":{"start":{"line":87,"column":2},"end":{"line":93,"column":3}},"43":{"start":{"line":88,"column":19},"end":{"line":88,"column":92}},"44":{"start":{"line":89,"column":4},"end":{"line":89,"column":53}},"45":{"start":{"line":91,"column":4},"end":{"line":91,"column":49}},"46":{"start":{"line":92,"column":4},"end":{"line":92,"column":52}},"47":{"start":{"line":96,"column":0},"end":{"line":107,"column":1}},"48":{"start":{"line":97,"column":21},"end":{"line":97,"column":40}},"49":{"start":{"line":98,"column":4},"end":{"line":98,"column":55}},"50":{"start":{"line":100,"column":4},"end":{"line":106,"column":5}},"51":{"start":{"line":101,"column":21},"end":{"line":101,"column":69}},"52":{"start":{"line":102,"column":6},"end":{"line":102,"column":56}},"53":{"start":{"line":104,"column":6},"end":{"line":104,"column":51}},"54":{"start":{"line":105,"column":6},"end":{"line":105,"column":55}},"55":{"start":{"line":110,"column":0},"end":{"line":122,"column":1}},"56":{"start":{"line":111,"column":19},"end":{"line":111,"column":38}},"57":{"start":{"line":112,"column":16},"end":{"line":112,"column":32}},"58":{"start":{"line":113,"column":2},"end":{"line":113,"column":45}},"59":{"start":{"line":115,"column":2},"end":{"line":121,"column":3}},"60":{"start":{"line":116,"column":19},"end":{"line":116,"column":61}},"61":{"start":{"line":117,"column":4},"end":{"line":117,"column":54}},"62":{"start":{"line":119,"column":4},"end":{"line":119,"column":53}},"63":{"start":{"line":120,"column":4},"end":{"line":120,"column":53}},"64":{"start":{"line":126,"column":0},"end":{"line":143,"column":1}},"65":{"start":{"line":127,"column":16},"end":{"line":127,"column":32}},"66":{"start":{"line":129,"column":2},"end":{"line":129,"column":58}},"67":{"start":{"line":130,"column":2},"end":{"line":142,"column":3}},"68":{"start":{"line":131,"column":19},"end":{"line":131,"column":55}},"69":{"start":{"line":132,"column":4},"end":{"line":138,"column":5}},"70":{"start":{"line":133,"column":6},"end":{"line":133,"column":27}},"71":{"start":{"line":134,"column":6},"end":{"line":134,"column":60}},"72":{"start":{"line":136,"column":6},"end":{"line":136,"column":31}},"73":{"start":{"line":137,"column":6},"end":{"line":137,"column":59}},"74":{"start":{"line":140,"column":4},"end":{"line":140,"column":55}},"75":{"start":{"line":141,"column":4},"end":{"line":141,"column":69}}},"fnMap":{"0":{"name":"(anonymous_0)","decl":{"start":{"line":7,"column":18},"end":{"line":7,"column":19}},"loc":{"start":{"line":7,"column":37},"end":{"line":22,"column":1}},"line":7},"1":{"name":"(anonymous_1)","decl":{"start":{"line":24,"column":18},"end":{"line":24,"column":19}},"loc":{"start":{"line":24,"column":37},"end":{"line":40,"column":1}},"line":24},"2":{"name":"(anonymous_2)","decl":{"start":{"line":42,"column":17},"end":{"line":42,"column":18}},"loc":{"start":{"line":42,"column":36},"end":{"line":70,"column":1}},"line":42},"3":{"name":"(anonymous_3)","decl":{"start":{"line":72,"column":17},"end":{"line":72,"column":18}},"loc":{"start":{"line":72,"column":36},"end":{"line":94,"column":1}},"line":72},"4":{"name":"(anonymous_4)","decl":{"start":{"line":96,"column":27},"end":{"line":96,"column":28}},"loc":{"start":{"line":96,"column":46},"end":{"line":107,"column":1}},"line":96},"5":{"name":"(anonymous_5)","decl":{"start":{"line":110,"column":24},"end":{"line":110,"column":25}},"loc":{"start":{"line":110,"column":43},"end":{"line":122,"column":1}},"line":110},"6":{"name":"(anonymous_6)","decl":{"start":{"line":126,"column":30},"end":{"line":126,"column":31}},"loc":{"start":{"line":126,"column":49},"end":{"line":143,"column":1}},"line":126}},"branchMap":{"0":{"loc":{"start":{"line":31,"column":4},"end":{"line":35,"column":5}},"type":"if","locations":[{"start":{"line":31,"column":4},"end":{"line":35,"column":5}},{"start":{"line":33,"column":11},"end":{"line":35,"column":5}}],"line":31},"1":{"loc":{"start":{"line":48,"column":2},"end":{"line":49,"column":67}},"type":"if","locations":[{"start":{"line":48,"column":2},"end":{"line":49,"column":67}},{"start":{},"end":{}}],"line":48},"2":{"loc":{"start":{"line":132,"column":4},"end":{"line":138,"column":5}},"type":"if","locations":[{"start":{"line":132,"column":4},"end":{"line":138,"column":5}},{"start":{"line":135,"column":11},"end":{"line":138,"column":5}}],"line":132}},"s":{"0":4,"1":4,"2":4,"3":4,"4":4,"5":4,"6":4,"7":4,"8":4,"9":4,"10":4,"11":4,"12":0,"13":0,"14":0,"15":4,"16":0,"17":0,"18":0,"19":0,"20":0,"21":0,"22":0,"23":0,"24":0,"25":4,"26":0,"27":0,"28":0,"29":0,"30":0,"31":0,"32":0,"33":0,"34":0,"35":0,"36":0,"37":0,"38":4,"39":0,"40":0,"41":0,"42":0,"43":0,"44":0,"45":0,"46":0,"47":4,"48":0,"49":0,"50":0,"51":0,"52":0,"53":0,"54":0,"55":4,"56":0,"57":0,"58":0,"59":0,"60":0,"61":0,"62":0,"63":0,"64":4,"65":0,"66":0,"67":0,"68":0,"69":0,"70":0,"71":0,"72":0,"73":0,"74":0,"75":0},"f":{"0":4,"1":0,"2":0,"3":0,"4":0,"5":0,"6":0},"b":{"0":[0,0],"1":[0,0],"2":[0,0]},"_coverageSchema":"1a1c01bbd47fc00a2c39e90264f33305004495a9","hash":"9474536444e1e059b932350c6e46d19c14c5e237"}
,"C:\\Users\\tsoka\\Desktop\\library_app\\middlewares\\auth.middleware.js": {"path":"C:\\Users\\tsoka\\Desktop\\library_app\\middlewares\\auth.middleware.js","statementMap":{"0":{"start":{"line":1,"column":12},"end":{"line":1,"column":35}},"1":{"start":{"line":2,"column":20},"end":{"line":2,"column":55}},"2":{"start":{"line":7,"column":21},"end":{"line":7,"column":49}},"3":{"start":{"line":9,"column":16},"end":{"line":9,"column":54}},"4":{"start":{"line":11,"column":2},"end":{"line":13,"column":3}},"5":{"start":{"line":12,"column":4},"end":{"line":12,"column":93}},"6":{"start":{"line":15,"column":17},"end":{"line":15,"column":53}},"7":{"start":{"line":17,"column":2},"end":{"line":23,"column":3}},"8":{"start":{"line":18,"column":4},"end":{"line":18,"column":26}},"9":{"start":{"line":20,"column":4},"end":{"line":20,"column":10}},"10":{"start":{"line":22,"column":4},"end":{"line":22,"column":67}},"11":{"start":{"line":28,"column":2},"end":{"line":45,"column":3}},"12":{"start":{"line":30,"column":5},"end":{"line":32,"column":5}},"13":{"start":{"line":31,"column":6},"end":{"line":31,"column":85}},"14":{"start":{"line":34,"column":22},"end":{"line":34,"column":36}},"15":{"start":{"line":35,"column":4},"end":{"line":35,"column":41}},"16":{"start":{"line":38,"column":26},"end":{"line":38,"column":57}},"17":{"start":{"line":40,"column":4},"end":{"line":42,"column":5}},"18":{"start":{"line":41,"column":6},"end":{"line":41,"column":95}},"19":{"start":{"line":43,"column":4},"end":{"line":43,"column":11}},"20":{"start":{"line":48,"column":0},"end":{"line":48,"column":45}}},"fnMap":{"0":{"name":"verifyToken","decl":{"start":{"line":4,"column":9},"end":{"line":4,"column":20}},"loc":{"start":{"line":4,"column":37},"end":{"line":24,"column":1}},"line":4},"1":{"name":"verifyRoles","decl":{"start":{"line":26,"column":9},"end":{"line":26,"column":20}},"loc":{"start":{"line":26,"column":34},"end":{"line":46,"column":1}},"line":26},"2":{"name":"(anonymous_2)","decl":{"start":{"line":28,"column":9},"end":{"line":28,"column":10}},"loc":{"start":{"line":28,"column":29},"end":{"line":45,"column":3}},"line":28}},"branchMap":{"0":{"loc":{"start":{"line":9,"column":16},"end":{"line":9,"column":54}},"type":"binary-expr","locations":[{"start":{"line":9,"column":16},"end":{"line":9,"column":26}},{"start":{"line":9,"column":30},"end":{"line":9,"column":54}}],"line":9},"1":{"loc":{"start":{"line":11,"column":2},"end":{"line":13,"column":3}},"type":"if","locations":[{"start":{"line":11,"column":2},"end":{"line":13,"column":3}},{"start":{},"end":{}}],"line":11},"2":{"loc":{"start":{"line":17,"column":2},"end":{"line":23,"column":3}},"type":"if","locations":[{"start":{"line":17,"column":2},"end":{"line":23,"column":3}},{"start":{"line":21,"column":9},"end":{"line":23,"column":3}}],"line":17},"3":{"loc":{"start":{"line":30,"column":5},"end":{"line":32,"column":5}},"type":"if","locations":[{"start":{"line":30,"column":5},"end":{"line":32,"column":5}},{"start":{},"end":{}}],"line":30},"4":{"loc":{"start":{"line":30,"column":9},"end":{"line":30,"column":37}},"type":"binary-expr","locations":[{"start":{"line":30,"column":9},"end":{"line":30,"column":18}},{"start":{"line":30,"column":22},"end":{"line":30,"column":37}}],"line":30},"5":{"loc":{"start":{"line":40,"column":4},"end":{"line":42,"column":5}},"type":"if","locations":[{"start":{"line":40,"column":4},"end":{"line":42,"column":5}},{"start":{},"end":{}}],"line":40}},"s":{"0":4,"1":4,"2":0,"3":0,"4":0,"5":0,"6":0,"7":0,"8":0,"9":0,"10":0,"11":20,"12":0,"13":0,"14":0,"15":0,"16":0,"17":0,"18":0,"19":0,"20":4},"f":{"0":0,"1":20,"2":0},"b":{"0":[0,0],"1":[0,0],"2":[0,0],"3":[0,0],"4":[0,0],"5":[0,0]},"_coverageSchema":"1a1c01bbd47fc00a2c39e90264f33305004495a9","hash":"646c5597f05b3524f040b0a13f413deac836d121"}
,"C:\\Users\\tsoka\\Desktop\\library_app\\models\\book.model.js": {"path":"C:\\Users\\tsoka\\Desktop\\library_app\\models\\book.model.js","statementMap":{"0":{"start":{"line":1,"column":17},"end":{"line":1,"column":36}},"1":{"start":{"line":3,"column":15},"end":{"line":3,"column":30}},"2":{"start":{"line":6,"column":17},"end":{"line":44,"column":2}},"3":{"start":{"line":46,"column":0},"end":{"line":46,"column":51}}},"fnMap":{},"branchMap":{},"s":{"0":4,"1":4,"2":4,"3":4},"f":{},"b":{},"_coverageSchema":"1a1c01bbd47fc00a2c39e90264f33305004495a9","hash":"bf3fa16064db2a05df340c236b9ff334916a0860"}
,"C:\\Users\\tsoka\\Desktop\\library_app\\models\\rental.model.js": {"path":"C:\\Users\\tsoka\\Desktop\\library_app\\models\\rental.model.js","statementMap":{"0":{"start":{"line":1,"column":17},"end":{"line":1,"column":36}},"1":{"start":{"line":3,"column":15},"end":{"line":3,"column":30}},"2":{"start":{"line":6,"column":19},"end":{"line":36,"column":2}},"3":{"start":{"line":38,"column":0},"end":{"line":38,"column":55}}},"fnMap":{},"branchMap":{},"s":{"0":4,"1":4,"2":4,"3":4},"f":{},"b":{},"_coverageSchema":"1a1c01bbd47fc00a2c39e90264f33305004495a9","hash":"6dd16375096cafaa106c7f0b4e9f35a2146b0f17"}
,"C:\\Users\\tsoka\\Desktop\\library_app\\models\\user.model.js": {"path":"C:\\Users\\tsoka\\Desktop\\library_app\\models\\user.model.js","statementMap":{"0":{"start":{"line":1,"column":17},"end":{"line":1,"column":36}},"1":{"start":{"line":3,"column":15},"end":{"line":3,"column":30}},"2":{"start":{"line":5,"column":19},"end":{"line":8,"column":18}},"3":{"start":{"line":10,"column":18},"end":{"line":13,"column":18}},"4":{"start":{"line":15,"column":21},"end":{"line":20,"column":2}},"5":{"start":{"line":23,"column":17},"end":{"line":63,"column":2}},"6":{"start":{"line":65,"column":0},"end":{"line":65,"column":51}}},"fnMap":{},"branchMap":{},"s":{"0":4,"1":4,"2":4,"3":4,"4":4,"5":4,"6":4},"f":{},"b":{},"_coverageSchema":"1a1c01bbd47fc00a2c39e90264f33305004495a9","hash":"9647127680b5ff8da4329f544c85dadcbc89340a"}
,"C:\\Users\\tsoka\\Desktop\\library_app\\routes\\auth.routes.js": {"path":"C:\\Users\\tsoka\\Desktop\\library_app\\routes\\auth.routes.js","statementMap":{"0":{"start":{"line":1,"column":16},"end":{"line":1,"column":34}},"1":{"start":{"line":2,"column":15},"end":{"line":2,"column":31}},"2":{"start":{"line":4,"column":23},"end":{"line":4,"column":64}},"3":{"start":{"line":6,"column":0},"end":{"line":6,"column":44}},"4":{"start":{"line":7,"column":0},"end":{"line":7,"column":59}},"5":{"start":{"line":9,"column":0},"end":{"line":9,"column":23}}},"fnMap":{},"branchMap":{},"s":{"0":4,"1":4,"2":4,"3":4,"4":4,"5":4},"f":{},"b":{},"_coverageSchema":"1a1c01bbd47fc00a2c39e90264f33305004495a9","hash":"33db4c443cf3e45cdcc7ef636a874faff6216173"}
,"C:\\Users\\tsoka\\Desktop\\library_app\\routes\\book.routes.js": {"path":"C:\\Users\\tsoka\\Desktop\\library_app\\routes\\book.routes.js","statementMap":{"0":{"start":{"line":1,"column":16},"end":{"line":1,"column":34}},"1":{"start":{"line":2,"column":15},"end":{"line":2,"column":31}},"2":{"start":{"line":4,"column":23},"end":{"line":4,"column":64}},"3":{"start":{"line":5,"column":20},"end":{"line":5,"column":73}},"4":{"start":{"line":6,"column":20},"end":{"line":6,"column":73}},"5":{"start":{"line":8,"column":0},"end":{"line":8,"column":52}},"6":{"start":{"line":9,"column":0},"end":{"line":9,"column":45}},"7":{"start":{"line":10,"column":0},"end":{"line":10,"column":59}},"8":{"start":{"line":11,"column":0},"end":{"line":11,"column":40}},"9":{"start":{"line":12,"column":0},"end":{"line":12,"column":76}},"10":{"start":{"line":13,"column":0},"end":{"line":13,"column":84}},"11":{"start":{"line":15,"column":0},"end":{"line":15,"column":24}}},"fnMap":{},"branchMap":{},"s":{"0":4,"1":4,"2":4,"3":4,"4":4,"5":4,"6":4,"7":4,"8":4,"9":4,"10":4,"11":4},"f":{},"b":{},"_coverageSchema":"1a1c01bbd47fc00a2c39e90264f33305004495a9","hash":"f44d667e48fc2a99fa69f8022257921f3a736ce3"}
,"C:\\Users\\tsoka\\Desktop\\library_app\\routes\\rentals.routes.js": {"path":"C:\\Users\\tsoka\\Desktop\\library_app\\routes\\rentals.routes.js","statementMap":{"0":{"start":{"line":1,"column":16},"end":{"line":1,"column":34}},"1":{"start":{"line":2,"column":15},"end":{"line":2,"column":31}},"2":{"start":{"line":4,"column":25},"end":{"line":4,"column":68}},"3":{"start":{"line":6,"column":0},"end":{"line":6,"column":42}},"4":{"start":{"line":7,"column":0},"end":{"line":7,"column":47}},"5":{"start":{"line":8,"column":0},"end":{"line":8,"column":48}},"6":{"start":{"line":9,"column":0},"end":{"line":9,"column":42}},"7":{"start":{"line":10,"column":0},"end":{"line":10,"column":49}},"8":{"start":{"line":11,"column":0},"end":{"line":11,"column":62}},"9":{"start":{"line":13,"column":0},"end":{"line":13,"column":24}}},"fnMap":{},"branchMap":{},"s":{"0":4,"1":4,"2":4,"3":4,"4":4,"5":4,"6":4,"7":4,"8":4,"9":4},"f":{},"b":{},"_coverageSchema":"1a1c01bbd47fc00a2c39e90264f33305004495a9","hash":"c1d82f6af3ef6f240ba475cd7feae36e27d3717b"}
,"C:\\Users\\tsoka\\Desktop\\library_app\\routes\\user.routes.js": {"path":"C:\\Users\\tsoka\\Desktop\\library_app\\routes\\user.routes.js","statementMap":{"0":{"start":{"line":1,"column":16},"end":{"line":1,"column":34}},"1":{"start":{"line":2,"column":15},"end":{"line":2,"column":31}},"2":{"start":{"line":4,"column":23},"end":{"line":4,"column":64}},"3":{"start":{"line":5,"column":20},"end":{"line":5,"column":73}},"4":{"start":{"line":6,"column":20},"end":{"line":6,"column":73}},"5":{"start":{"line":8,"column":0},"end":{"line":8,"column":52}},"6":{"start":{"line":9,"column":0},"end":{"line":9,"column":45}},"7":{"start":{"line":10,"column":0},"end":{"line":10,"column":62}},"8":{"start":{"line":13,"column":0},"end":{"line":13,"column":40}},"9":{"start":{"line":14,"column":0},"end":{"line":14,"column":76}},"10":{"start":{"line":15,"column":0},"end":{"line":15,"column":87}},"11":{"start":{"line":16,"column":0},"end":{"line":16,"column":106}},"12":{"start":{"line":17,"column":0},"end":{"line":17,"column":80}},"13":{"start":{"line":19,"column":0},"end":{"line":19,"column":24}}},"fnMap":{},"branchMap":{},"s":{"0":4,"1":4,"2":4,"3":4,"4":4,"5":4,"6":4,"7":4,"8":4,"9":4,"10":4,"11":4,"12":4,"13":4},"f":{},"b":{},"_coverageSchema":"1a1c01bbd47fc00a2c39e90264f33305004495a9","hash":"ddb697a53901eec3cc07fa94c3fca65b88dbefe0"}
,"C:\\Users\\tsoka\\Desktop\\library_app\\services\\auth.service.js": {"path":"C:\\Users\\tsoka\\Desktop\\library_app\\services\\auth.service.js","statementMap":{"0":{"start":{"line":1,"column":12},"end":{"line":1,"column":35}},"1":{"start":{"line":2,"column":25},"end":{"line":2,"column":55}},"2":{"start":{"line":6,"column":2},"end":{"line":6,"column":36}},"3":{"start":{"line":8,"column":18},"end":{"line":12,"column":3}},"4":{"start":{"line":14,"column":17},"end":{"line":14,"column":41}},"5":{"start":{"line":15,"column":18},"end":{"line":15,"column":36}},"6":{"start":{"line":17,"column":2},"end":{"line":17,"column":44}},"7":{"start":{"line":21,"column":17},"end":{"line":21,"column":41}},"8":{"start":{"line":23,"column":2},"end":{"line":30,"column":3}},"9":{"start":{"line":24,"column":20},"end":{"line":24,"column":45}},"10":{"start":{"line":26,"column":4},"end":{"line":26,"column":40}},"11":{"start":{"line":27,"column":4},"end":{"line":27,"column":44}},"12":{"start":{"line":29,"column":4},"end":{"line":29,"column":49}},"13":{"start":{"line":34,"column":2},"end":{"line":34,"column":36}},"14":{"start":{"line":35,"column":20},"end":{"line":35,"column":48}},"15":{"start":{"line":36,"column":24},"end":{"line":36,"column":56}},"16":{"start":{"line":37,"column":23},"end":{"line":37,"column":47}},"17":{"start":{"line":39,"column":23},"end":{"line":39,"column":79}},"18":{"start":{"line":41,"column":2},"end":{"line":67,"column":3}},"19":{"start":{"line":43,"column":23},"end":{"line":43,"column":56}},"20":{"start":{"line":44,"column":4},"end":{"line":44,"column":33}},"21":{"start":{"line":45,"column":4},"end":{"line":45,"column":39}},"22":{"start":{"line":47,"column":19},"end":{"line":50,"column":6}},"23":{"start":{"line":52,"column":4},"end":{"line":52,"column":25}},"24":{"start":{"line":54,"column":21},"end":{"line":54,"column":46}},"25":{"start":{"line":55,"column":4},"end":{"line":55,"column":41}},"26":{"start":{"line":57,"column":17},"end":{"line":61,"column":5}},"27":{"start":{"line":62,"column":18},"end":{"line":62,"column":43}},"28":{"start":{"line":63,"column":4},"end":{"line":63,"column":16}},"29":{"start":{"line":65,"column":4},"end":{"line":65,"column":57}},"30":{"start":{"line":66,"column":4},"end":{"line":66,"column":57}},"31":{"start":{"line":70,"column":0},"end":{"line":70,"column":71}}},"fnMap":{"0":{"name":"generateAccessToken","decl":{"start":{"line":4,"column":9},"end":{"line":4,"column":28}},"loc":{"start":{"line":4,"column":34},"end":{"line":18,"column":1}},"line":4},"1":{"name":"verifyAccessToken","decl":{"start":{"line":20,"column":9},"end":{"line":20,"column":26}},"loc":{"start":{"line":20,"column":33},"end":{"line":31,"column":1}},"line":20},"2":{"name":"googleAuth","decl":{"start":{"line":33,"column":15},"end":{"line":33,"column":25}},"loc":{"start":{"line":33,"column":32},"end":{"line":68,"column":1}},"line":33}},"branchMap":{},"s":{"0":4,"1":4,"2":1,"3":1,"4":1,"5":1,"6":1,"7":0,"8":0,"9":0,"10":0,"11":0,"12":0,"13":0,"14":0,"15":0,"16":0,"17":0,"18":0,"19":0,"20":0,"21":0,"22":0,"23":0,"24":0,"25":0,"26":0,"27":0,"28":0,"29":0,"30":0,"31":4},"f":{"0":1,"1":0,"2":0},"b":{},"_coverageSchema":"1a1c01bbd47fc00a2c39e90264f33305004495a9","hash":"5ab0c877ebddafcdea9f3f74d095605c4fc4b4f7"}
,"C:\\Users\\tsoka\\Desktop\\library_app\\services\\book.service.js": {"path":"C:\\Users\\tsoka\\Desktop\\library_app\\services\\book.service.js","statementMap":{"0":{"start":{"line":1,"column":13},"end":{"line":1,"column":44}},"1":{"start":{"line":4,"column":17},"end":{"line":4,"column":28}},"2":{"start":{"line":5,"column":2},"end":{"line":5,"column":16}},"3":{"start":{"line":9,"column":17},"end":{"line":9,"column":44}},"4":{"start":{"line":10,"column":2},"end":{"line":10,"column":16}},"5":{"start":{"line":14,"column":2},"end":{"line":14,"column":41}},"6":{"start":{"line":16,"column":2},"end":{"line":23,"column":3}},"7":{"start":{"line":17,"column":19},"end":{"line":17,"column":60}},"8":{"start":{"line":18,"column":4},"end":{"line":18,"column":68}},"9":{"start":{"line":19,"column":4},"end":{"line":19,"column":20}},"10":{"start":{"line":21,"column":4},"end":{"line":21,"column":62}},"11":{"start":{"line":22,"column":4},"end":{"line":22,"column":16}},"12":{"start":{"line":26,"column":0},"end":{"line":26,"column":59}}},"fnMap":{"0":{"name":"findAll","decl":{"start":{"line":3,"column":9},"end":{"line":3,"column":16}},"loc":{"start":{"line":3,"column":19},"end":{"line":6,"column":1}},"line":3},"1":{"name":"findOne","decl":{"start":{"line":8,"column":9},"end":{"line":8,"column":16}},"loc":{"start":{"line":8,"column":24},"end":{"line":11,"column":1}},"line":8},"2":{"name":"findLastInsertedBook","decl":{"start":{"line":13,"column":15},"end":{"line":13,"column":35}},"loc":{"start":{"line":13,"column":37},"end":{"line":24,"column":1}},"line":13}},"branchMap":{},"s":{"0":4,"1":3,"2":3,"3":0,"4":0,"5":0,"6":0,"7":0,"8":0,"9":0,"10":0,"11":0,"12":4},"f":{"0":3,"1":0,"2":0},"b":{},"_coverageSchema":"1a1c01bbd47fc00a2c39e90264f33305004495a9","hash":"83767e697e68489a2de8f19230d670e35c2b2193"}
,"C:\\Users\\tsoka\\Desktop\\library_app\\services\\rental.service.js": {"path":"C:\\Users\\tsoka\\Desktop\\library_app\\services\\rental.service.js","statementMap":{"0":{"start":{"line":1,"column":15},"end":{"line":1,"column":48}},"1":{"start":{"line":4,"column":17},"end":{"line":4,"column":30}},"2":{"start":{"line":5,"column":2},"end":{"line":5,"column":16}},"3":{"start":{"line":9,"column":17},"end":{"line":9,"column":41}},"4":{"start":{"line":10,"column":2},"end":{"line":10,"column":16}},"5":{"start":{"line":14,"column":2},"end":{"line":14,"column":43}},"6":{"start":{"line":16,"column":2},"end":{"line":23,"column":3}},"7":{"start":{"line":17,"column":19},"end":{"line":17,"column":62}},"8":{"start":{"line":18,"column":4},"end":{"line":18,"column":70}},"9":{"start":{"line":19,"column":4},"end":{"line":19,"column":20}},"10":{"start":{"line":21,"column":4},"end":{"line":21,"column":64}},"11":{"start":{"line":22,"column":4},"end":{"line":22,"column":16}},"12":{"start":{"line":26,"column":0},"end":{"line":26,"column":61}}},"fnMap":{"0":{"name":"findAll","decl":{"start":{"line":3,"column":9},"end":{"line":3,"column":16}},"loc":{"start":{"line":3,"column":19},"end":{"line":6,"column":1}},"line":3},"1":{"name":"findOne","decl":{"start":{"line":8,"column":9},"end":{"line":8,"column":16}},"loc":{"start":{"line":8,"column":21},"end":{"line":11,"column":1}},"line":8},"2":{"name":"findLastInsertedRental","decl":{"start":{"line":13,"column":15},"end":{"line":13,"column":37}},"loc":{"start":{"line":13,"column":39},"end":{"line":24,"column":1}},"line":13}},"branchMap":{},"s":{"0":4,"1":3,"2":3,"3":0,"4":0,"5":0,"6":0,"7":0,"8":0,"9":0,"10":0,"11":0,"12":4},"f":{"0":3,"1":0,"2":0},"b":{},"_coverageSchema":"1a1c01bbd47fc00a2c39e90264f33305004495a9","hash":"c080db5226d34014da4db19824dff76da38cc386"}
,"C:\\Users\\tsoka\\Desktop\\library_app\\services\\user.services.js": {"path":"C:\\Users\\tsoka\\Desktop\\library_app\\services\\user.services.js","statementMap":{"0":{"start":{"line":1,"column":13},"end":{"line":1,"column":44}},"1":{"start":{"line":4,"column":17},"end":{"line":4,"column":28}},"2":{"start":{"line":5,"column":2},"end":{"line":5,"column":16}},"3":{"start":{"line":9,"column":17},"end":{"line":9,"column":50}},"4":{"start":{"line":10,"column":2},"end":{"line":10,"column":16}},"5":{"start":{"line":14,"column":2},"end":{"line":14,"column":41}},"6":{"start":{"line":16,"column":2},"end":{"line":23,"column":3}},"7":{"start":{"line":17,"column":19},"end":{"line":17,"column":60}},"8":{"start":{"line":18,"column":4},"end":{"line":18,"column":68}},"9":{"start":{"line":19,"column":4},"end":{"line":19,"column":20}},"10":{"start":{"line":21,"column":4},"end":{"line":21,"column":62}},"11":{"start":{"line":22,"column":4},"end":{"line":22,"column":16}},"12":{"start":{"line":26,"column":0},"end":{"line":26,"column":59}}},"fnMap":{"0":{"name":"findAll","decl":{"start":{"line":3,"column":9},"end":{"line":3,"column":16}},"loc":{"start":{"line":3,"column":19},"end":{"line":6,"column":1}},"line":3},"1":{"name":"findOne","decl":{"start":{"line":8,"column":9},"end":{"line":8,"column":16}},"loc":{"start":{"line":8,"column":27},"end":{"line":11,"column":1}},"line":8},"2":{"name":"findLastInsertedUser","decl":{"start":{"line":13,"column":15},"end":{"line":13,"column":35}},"loc":{"start":{"line":13,"column":37},"end":{"line":24,"column":1}},"line":13}},"branchMap":{},"s":{"0":4,"1":4,"2":4,"3":0,"4":0,"5":0,"6":0,"7":0,"8":0,"9":0,"10":0,"11":0,"12":4},"f":{"0":4,"1":0,"2":0},"b":{},"_coverageSchema":"1a1c01bbd47fc00a2c39e90264f33305004495a9","hash":"ecbee1b3e8439eafdab889bce05adb983b70e3cc"}
}
