TN:
SF:app.js
FNF:0
FNH:0
DA:1,4
DA:2,4
DA:3,4
DA:5,4
DA:6,4
DA:8,4
DA:9,4
DA:11,4
DA:12,4
DA:13,4
DA:14,4
DA:16,4
DA:21,4
DA:22,4
DA:23,4
DA:24,4
DA:26,4
DA:28,4
DA:34,4
LF:19
LH:19
BRF:0
BRH:0
end_of_record
TN:
SF:logger.js
FNF:0
FNH:0
DA:37,4
DA:38,4
DA:39,4
DA:40,4
DA:41,4
DA:43,4
DA:50,4
DA:89,4
LF:8
LH:8
BRF:0
BRH:0
end_of_record
TN:
SF:swagger.js
FNF:0
FNH:0
DA:1,4
DA:2,4
DA:4,4
LF:3
LH:3
BRF:0
BRH:0
end_of_record
TN:
SF:controllers\auth.controller.js
FN:5,(anonymous_0)
FN:29,(anonymous_1)
FNF:2
FNH:1
FNDA:1,(anonymous_0)
FNDA:0,(anonymous_1)
DA:1,4
DA:2,4
DA:3,4
DA:5,4
DA:6,1
DA:8,1
DA:9,1
DA:11,1
DA:12,1
DA:13,1
DA:14,1
DA:17,1
DA:18,1
DA:19,1
DA:21,0
DA:24,0
DA:25,0
DA:29,4
DA:30,0
DA:32,0
DA:33,0
DA:35,0
DA:36,0
DA:37,0
DA:39,0
DA:40,0
DA:42,0
LF:27
LH:15
BRDA:17,0,0,1
BRDA:17,0,1,0
BRDA:17,1,0,1
BRDA:17,1,1,1
BRDA:17,1,2,1
BRDA:32,2,0,0
BRDA:32,2,1,0
BRDA:36,3,0,0
BRDA:36,3,1,0
BRF:9
BRH:4
end_of_record
TN:
SF:controllers\book.controller.js
FN:7,(anonymous_0)
FN:24,(anonymous_1)
FN:42,(anonymous_2)
FN:65,(anonymous_3)
FN:88,(anonymous_4)
FN:103,(anonymous_5)
FNF:6
FNH:1
FNDA:3,(anonymous_0)
FNDA:0,(anonymous_1)
FNDA:0,(anonymous_2)
FNDA:0,(anonymous_3)
FNDA:0,(anonymous_4)
FNDA:0,(anonymous_5)
DA:1,4
DA:2,4
DA:3,4
DA:5,4
DA:7,4
DA:8,3
DA:10,3
DA:12,3
DA:13,3
DA:14,3
DA:15,3
DA:16,3
DA:18,0
DA:19,0
DA:20,0
DA:24,4
DA:25,0
DA:26,0
DA:28,0
DA:30,0
DA:31,0
DA:32,0
DA:34,0
DA:37,0
DA:38,0
DA:42,4
DA:43,0
DA:44,0
DA:47,0
DA:56,0
DA:57,0
DA:58,0
DA:60,0
DA:61,0
DA:65,4
DA:66,0
DA:68,0
DA:70,0
DA:79,0
DA:80,0
DA:81,0
DA:83,0
DA:84,0
DA:88,4
DA:89,0
DA:90,0
DA:91,0
DA:93,0
DA:94,0
DA:95,0
DA:97,0
DA:98,0
DA:103,4
DA:104,0
DA:105,0
DA:107,0
DA:108,0
DA:109,0
DA:111,0
DA:112,0
LF:60
LH:17
BRDA:31,0,0,0
BRDA:31,0,1,0
BRF:2
BRH:0
end_of_record
TN:
SF:controllers\rental.controller.js
FN:7,(anonymous_0)
FN:24,(anonymous_1)
FN:42,(anonymous_2)
FN:63,(anonymous_3)
FN:84,(anonymous_4)
FN:98,(anonymous_5)
FNF:6
FNH:1
FNDA:3,(anonymous_0)
FNDA:0,(anonymous_1)
FNDA:0,(anonymous_2)
FNDA:0,(anonymous_3)
FNDA:0,(anonymous_4)
FNDA:0,(anonymous_5)
DA:1,4
DA:2,4
DA:3,4
DA:5,4
DA:7,4
DA:8,3
DA:10,3
DA:12,3
DA:13,3
DA:14,3
DA:15,3
DA:16,3
DA:18,0
DA:19,0
DA:20,0
DA:24,4
DA:25,0
DA:26,0
DA:28,0
DA:30,0
DA:31,0
DA:32,0
DA:34,0
DA:37,0
DA:38,0
DA:42,4
DA:43,0
DA:44,0
DA:47,0
DA:54,0
DA:55,0
DA:56,0
DA:58,0
DA:59,0
DA:63,4
DA:64,0
DA:66,0
DA:68,0
DA:75,0
DA:76,0
DA:77,0
DA:79,0
DA:80,0
DA:84,4
DA:85,0
DA:86,0
DA:87,0
DA:89,0
DA:90,0
DA:91,0
DA:93,0
DA:94,0
DA:98,4
DA:99,0
DA:101,0
DA:103,0
DA:104,0
DA:105,0
DA:107,0
DA:108,0
LF:60
LH:17
BRDA:31,0,0,0
BRDA:31,0,1,0
BRF:2
BRH:0
end_of_record
TN:
SF:controllers\user.controller.js
FN:7,(anonymous_0)
FN:24,(anonymous_1)
FN:42,(anonymous_2)
FN:72,(anonymous_3)
FN:96,(anonymous_4)
FN:110,(anonymous_5)
FN:126,(anonymous_6)
FNF:7
FNH:1
FNDA:4,(anonymous_0)
FNDA:0,(anonymous_1)
FNDA:0,(anonymous_2)
FNDA:0,(anonymous_3)
FNDA:0,(anonymous_4)
FNDA:0,(anonymous_5)
FNDA:0,(anonymous_6)
DA:1,4
DA:2,4
DA:3,4
DA:5,4
DA:7,4
DA:8,4
DA:10,4
DA:12,4
DA:13,4
DA:14,4
DA:15,4
DA:16,4
DA:18,0
DA:19,0
DA:20,0
DA:24,4
DA:25,0
DA:26,0
DA:28,0
DA:30,0
DA:31,0
DA:32,0
DA:34,0
DA:37,0
DA:38,0
DA:42,4
DA:43,0
DA:44,0
DA:45,0
DA:47,0
DA:48,0
DA:49,0
DA:51,0
DA:63,0
DA:64,0
DA:65,0
DA:67,0
DA:68,0
DA:72,4
DA:73,0
DA:75,0
DA:77,0
DA:87,0
DA:88,0
DA:89,0
DA:91,0
DA:92,0
DA:96,4
DA:97,0
DA:98,0
DA:100,0
DA:101,0
DA:102,0
DA:104,0
DA:105,0
DA:110,4
DA:111,0
DA:112,0
DA:113,0
DA:115,0
DA:116,0
DA:117,0
DA:119,0
DA:120,0
DA:126,4
DA:127,0
DA:129,0
DA:130,0
DA:131,0
DA:132,0
DA:133,0
DA:134,0
DA:136,0
DA:137,0
DA:140,0
DA:141,0
LF:76
LH:18
BRDA:31,0,0,0
BRDA:31,0,1,0
BRDA:48,1,0,0
BRDA:48,1,1,0
BRDA:132,2,0,0
BRDA:132,2,1,0
BRF:6
BRH:0
end_of_record
TN:
SF:middlewares\auth.middleware.js
FN:4,verifyToken
FN:26,verifyRoles
FN:28,(anonymous_2)
FNF:3
FNH:1
FNDA:0,verifyToken
FNDA:20,verifyRoles
FNDA:0,(anonymous_2)
DA:1,4
DA:2,4
DA:7,0
DA:9,0
DA:11,0
DA:12,0
DA:15,0
DA:17,0
DA:18,0
DA:20,0
DA:22,0
DA:28,20
DA:30,0
DA:31,0
DA:34,0
DA:35,0
DA:38,0
DA:40,0
DA:41,0
DA:43,0
DA:48,4
LF:21
LH:4
BRDA:9,0,0,0
BRDA:9,0,1,0
BRDA:11,1,0,0
BRDA:11,1,1,0
BRDA:17,2,0,0
BRDA:17,2,1,0
BRDA:30,3,0,0
BRDA:30,3,1,0
BRDA:30,4,0,0
BRDA:30,4,1,0
BRDA:40,5,0,0
BRDA:40,5,1,0
BRF:12
BRH:0
end_of_record
TN:
SF:models\book.model.js
FNF:0
FNH:0
DA:1,4
DA:3,4
DA:6,4
DA:46,4
LF:4
LH:4
BRF:0
BRH:0
end_of_record
TN:
SF:models\rental.model.js
FNF:0
FNH:0
DA:1,4
DA:3,4
DA:6,4
DA:38,4
LF:4
LH:4
BRF:0
BRH:0
end_of_record
TN:
SF:models\user.model.js
FNF:0
FNH:0
DA:1,4
DA:3,4
DA:5,4
DA:10,4
DA:15,4
DA:23,4
DA:65,4
LF:7
LH:7
BRF:0
BRH:0
end_of_record
TN:
SF:routes\auth.routes.js
FNF:0
FNH:0
DA:1,4
DA:2,4
DA:4,4
DA:6,4
DA:7,4
DA:9,4
LF:6
LH:6
BRF:0
BRH:0
end_of_record
TN:
SF:routes\book.routes.js
FNF:0
FNH:0
DA:1,4
DA:2,4
DA:4,4
DA:5,4
DA:6,4
DA:8,4
DA:9,4
DA:10,4
DA:11,4
DA:12,4
DA:13,4
DA:15,4
LF:12
LH:12
BRF:0
BRH:0
end_of_record
TN:
SF:routes\rentals.routes.js
FNF:0
FNH:0
DA:1,4
DA:2,4
DA:4,4
DA:6,4
DA:7,4
DA:8,4
DA:9,4
DA:10,4
DA:11,4
DA:13,4
LF:10
LH:10
BRF:0
BRH:0
end_of_record
TN:
SF:routes\user.routes.js
FNF:0
FNH:0
DA:1,4
DA:2,4
DA:4,4
DA:5,4
DA:6,4
DA:8,4
DA:9,4
DA:10,4
DA:13,4
DA:14,4
DA:15,4
DA:16,4
DA:17,4
DA:19,4
LF:14
LH:14
BRF:0
BRH:0
end_of_record
TN:
SF:services\auth.service.js
FN:4,generateAccessToken
FN:20,verifyAccessToken
FN:33,googleAuth
FNF:3
FNH:1
FNDA:1,generateAccessToken
FNDA:0,verifyAccessToken
FNDA:0,googleAuth
DA:1,4
DA:2,4
DA:6,1
DA:8,1
DA:14,1
DA:15,1
DA:17,1
DA:21,0
DA:23,0
DA:24,0
DA:26,0
DA:27,0
DA:29,0
DA:34,0
DA:35,0
DA:36,0
DA:37,0
DA:39,0
DA:41,0
DA:43,0
DA:44,0
DA:45,0
DA:47,0
DA:52,0
DA:54,0
DA:55,0
DA:57,0
DA:62,0
DA:63,0
DA:65,0
DA:66,0
DA:70,4
LF:32
LH:8
BRF:0
BRH:0
end_of_record
TN:
SF:services\book.service.js
FN:3,findAll
FN:8,findOne
FN:13,findLastInsertedBook
FNF:3
FNH:1
FNDA:3,findAll
FNDA:0,findOne
FNDA:0,findLastInsertedBook
DA:1,4
DA:4,3
DA:5,3
DA:9,0
DA:10,0
DA:14,0
DA:16,0
DA:17,0
DA:18,0
DA:19,0
DA:21,0
DA:22,0
DA:26,4
LF:13
LH:4
BRF:0
BRH:0
end_of_record
TN:
SF:services\rental.service.js
FN:3,findAll
FN:8,findOne
FN:13,findLastInsertedRental
FNF:3
FNH:1
FNDA:3,findAll
FNDA:0,findOne
FNDA:0,findLastInsertedRental
DA:1,4
DA:4,3
DA:5,3
DA:9,0
DA:10,0
DA:14,0
DA:16,0
DA:17,0
DA:18,0
DA:19,0
DA:21,0
DA:22,0
DA:26,4
LF:13
LH:4
BRF:0
BRH:0
end_of_record
TN:
SF:services\user.services.js
FN:3,findAll
FN:8,findOne
FN:13,findLastInsertedUser
FNF:3
FNH:1
FNDA:4,findAll
FNDA:0,findOne
FNDA:0,findLastInsertedUser
DA:1,4
DA:4,4
DA:5,4
DA:9,0
DA:10,0
DA:14,0
DA:16,0
DA:17,0
DA:18,0
DA:19,0
DA:21,0
DA:22,0
DA:26,4
LF:13
LH:4
BRF:0
BRH:0
end_of_record
